Added Component: Designator=BTS_1(61201021621)
Add component (AddParameter): Name = "ComponentLink1 Description"; Value = "Manufacturer"; VariantName = "[No Variations]"
Add component (AddParameter): Name = "ComponentLink1URL"; Value = "http://www.we-online.com"; VariantName = "[No Variations]"
Add component (AddParameter): Name = "ComponentLink2 Description"; Value = "Datasheet"; VariantName = "[No Variations]"
Add component (AddParameter): Name = "ComponentLink2URL"; Value = "http://katalog.we-online.de/em/datasheet/6120xx21621.pdf"; VariantName = "[No Variations]"
Add component (AddParameter): Name = "Created by"; Value = "Baojun Chen"; VariantName = "[No Variations]"
Add component (AddParameter): Name = "Created Date"; Value = "March 2016"; VariantName = "[No Variations]"
Add component (AddParameter): Name = "Manufacturer"; Value = "Wurth Elektronik"; VariantName = "[No Variations]"
Add component (AddParameter): Name = "NoPins"; Value = "10"; VariantName = "[No Variations]"
Add component (AddParameter): Name = "partNo"; Value = "61201021621"; VariantName = "[No Variations]"
Added Component: Designator=BTS_2(61201021621)
Add component (AddParameter): Name = "ComponentLink1 Description"; Value = "Manufacturer"; VariantName = "[No Variations]"
Add component (AddParameter): Name = "ComponentLink1URL"; Value = "http://www.we-online.com"; VariantName = "[No Variations]"
Add component (AddParameter): Name = "ComponentLink2 Description"; Value = "Datasheet"; VariantName = "[No Variations]"
Add component (AddParameter): Name = "ComponentLink2URL"; Value = "http://katalog.we-online.de/em/datasheet/6120xx21621.pdf"; VariantName = "[No Variations]"
Add component (AddParameter): Name = "Created by"; Value = "Baojun Chen"; VariantName = "[No Variations]"
Add component (AddParameter): Name = "Created Date"; Value = "March 2016"; VariantName = "[No Variations]"
Add component (AddParameter): Name = "Manufacturer"; Value = "Wurth Elektronik"; VariantName = "[No Variations]"
Add component (AddParameter): Name = "NoPins"; Value = "10"; VariantName = "[No Variations]"
Add component (AddParameter): Name = "partNo"; Value = "61201021621"; VariantName = "[No Variations]"
Added Component: Designator=BTS_3(61201021621)
Add component (AddParameter): Name = "ComponentLink1 Description"; Value = "Manufacturer"; VariantName = "[No Variations]"
Add component (AddParameter): Name = "ComponentLink1URL"; Value = "http://www.we-online.com"; VariantName = "[No Variations]"
Add component (AddParameter): Name = "ComponentLink2 Description"; Value = "Datasheet"; VariantName = "[No Variations]"
Add component (AddParameter): Name = "ComponentLink2URL"; Value = "http://katalog.we-online.de/em/datasheet/6120xx21621.pdf"; VariantName = "[No Variations]"
Add component (AddParameter): Name = "Created by"; Value = "Baojun Chen"; VariantName = "[No Variations]"
Add component (AddParameter): Name = "Created Date"; Value = "March 2016"; VariantName = "[No Variations]"
Add component (AddParameter): Name = "Manufacturer"; Value = "Wurth Elektronik"; VariantName = "[No Variations]"
Add component (AddParameter): Name = "NoPins"; Value = "10"; VariantName = "[No Variations]"
Add component (AddParameter): Name = "partNo"; Value = "61201021621"; VariantName = "[No Variations]"
Added Component: Designator=BTS_4(61201021621)
Add component (AddParameter): Name = "ComponentLink1 Description"; Value = "Manufacturer"; VariantName = "[No Variations]"
Add component (AddParameter): Name = "ComponentLink1URL"; Value = "http://www.we-online.com"; VariantName = "[No Variations]"
Add component (AddParameter): Name = "ComponentLink2 Description"; Value = "Datasheet"; VariantName = "[No Variations]"
Add component (AddParameter): Name = "ComponentLink2URL"; Value = "http://katalog.we-online.de/em/datasheet/6120xx21621.pdf"; VariantName = "[No Variations]"
Add component (AddParameter): Name = "Created by"; Value = "Baojun Chen"; VariantName = "[No Variations]"
Add component (AddParameter): Name = "Created Date"; Value = "March 2016"; VariantName = "[No Variations]"
Add component (AddParameter): Name = "Manufacturer"; Value = "Wurth Elektronik"; VariantName = "[No Variations]"
Add component (AddParameter): Name = "NoPins"; Value = "10"; VariantName = "[No Variations]"
Add component (AddParameter): Name = "partNo"; Value = "61201021621"; VariantName = "[No Variations]"
Added Component: Designator=BTS_5(61201021621)
Add component (AddParameter): Name = "ComponentLink1 Description"; Value = "Manufacturer"; VariantName = "[No Variations]"
Add component (AddParameter): Name = "ComponentLink1URL"; Value = "http://www.we-online.com"; VariantName = "[No Variations]"
Add component (AddParameter): Name = "ComponentLink2 Description"; Value = "Datasheet"; VariantName = "[No Variations]"
Add component (AddParameter): Name = "ComponentLink2URL"; Value = "http://katalog.we-online.de/em/datasheet/6120xx21621.pdf"; VariantName = "[No Variations]"
Add component (AddParameter): Name = "Created by"; Value = "Baojun Chen"; VariantName = "[No Variations]"
Add component (AddParameter): Name = "Created Date"; Value = "March 2016"; VariantName = "[No Variations]"
Add component (AddParameter): Name = "Manufacturer"; Value = "Wurth Elektronik"; VariantName = "[No Variations]"
Add component (AddParameter): Name = "NoPins"; Value = "10"; VariantName = "[No Variations]"
Add component (AddParameter): Name = "partNo"; Value = "61201021621"; VariantName = "[No Variations]"
Added Component: Designator=BTS_6(61201021621)
Add component (AddParameter): Name = "ComponentLink1 Description"; Value = "Manufacturer"; VariantName = "[No Variations]"
Add component (AddParameter): Name = "ComponentLink1URL"; Value = "http://www.we-online.com"; VariantName = "[No Variations]"
Add component (AddParameter): Name = "ComponentLink2 Description"; Value = "Datasheet"; VariantName = "[No Variations]"
Add component (AddParameter): Name = "ComponentLink2URL"; Value = "http://katalog.we-online.de/em/datasheet/6120xx21621.pdf"; VariantName = "[No Variations]"
Add component (AddParameter): Name = "Created by"; Value = "Baojun Chen"; VariantName = "[No Variations]"
Add component (AddParameter): Name = "Created Date"; Value = "March 2016"; VariantName = "[No Variations]"
Add component (AddParameter): Name = "Manufacturer"; Value = "Wurth Elektronik"; VariantName = "[No Variations]"
Add component (AddParameter): Name = "NoPins"; Value = "10"; VariantName = "[No Variations]"
Add component (AddParameter): Name = "partNo"; Value = "61201021621"; VariantName = "[No Variations]"
Added Component: Designator=ESP-32(MODULE_ESP32-DEVKITC)
Add component (AddParameter): Name = "Availability"; Value = "In Stock"; VariantName = "[No Variations]"
Add component (AddParameter): Name = "Check_prices"; Value = "https://www.snapeda.com/parts/ESP32-DEVKITC/Espressif+Systems/view-part/?ref=eda"; VariantName = "[No Variations]"
Add component (AddParameter): Name = "MF"; Value = "Espressif Systems"; VariantName = "[No Variations]"
Add component (AddParameter): Name = "MP"; Value = "ESP32-DEVKITC"; VariantName = "[No Variations]"
Add component (AddParameter): Name = "Package"; Value = "None"; VariantName = "[No Variations]"
Add component (AddParameter): Name = "Price"; Value = "None"; VariantName = "[No Variations]"
Add component (AddParameter): Name = "Purchase-URL"; Value = "https://pricing.snapeda.com/search/part/ESP32-DEVKITC/?ref=eda"; VariantName = "[No Variations]"
Add component (AddParameter): Name = "SnapEDA_Link"; Value = "https://www.snapeda.com/parts/ESP32-DEVKITC/Espressif+Systems/view-part/?ref=snap"; VariantName = "[No Variations]"
Add component (AddParameter): Name = "Value"; Value = ""; VariantName = "[No Variations]"
Added Component: Designator=Power_Supply(691311700102)
Add component (AddParameter): Name = "ComponentLink1Description"; Value = "Manufacturer"; VariantName = "[No Variations]"
Add component (AddParameter): Name = "ComponentLink1URL"; Value = "http://www.we-online.de"; VariantName = "[No Variations]"
Add component (AddParameter): Name = "ComponentLink2Description"; Value = "Datasheet"; VariantName = "[No Variations]"
Add component (AddParameter): Name = "ComponentLink2URL"; Value = "http://katalog.we-online.de/em/datasheet/6913117001xx.pdf"; VariantName = "[No Variations]"
Add component (AddParameter): Name = "Part Number"; Value = "691311700102"; VariantName = "[No Variations]"
Add component (AddParameter): Name = "Pin Number"; Value = "02p"; VariantName = "[No Variations]"
Add component (AddParameter): Name = "Pitch"; Value = "5 mm"; VariantName = "[No Variations]"
Add component (AddParameter): Name = "Published Date"; Value = "Jan 2017"; VariantName = "[No Variations]"
Add component (AddParameter): Name = "Publisher"; Value = "Wurth Elektronik"; VariantName = "[No Variations]"
Added Pin To Net: NetName=5V Pin=BTS_1-2
Added Pin To Net: NetName=5V Pin=BTS_1-5
Added Pin To Net: NetName=5V Pin=BTS_1-6
Added Pin To Net: NetName=5V Pin=BTS_2-2
Added Pin To Net: NetName=5V Pin=BTS_2-5
Added Pin To Net: NetName=5V Pin=BTS_2-6
Added Pin To Net: NetName=5V Pin=BTS_3-2
Added Pin To Net: NetName=5V Pin=BTS_3-5
Added Pin To Net: NetName=5V Pin=BTS_3-6
Added Pin To Net: NetName=5V Pin=BTS_4-2
Added Pin To Net: NetName=5V Pin=BTS_4-5
Added Pin To Net: NetName=5V Pin=BTS_4-6
Added Pin To Net: NetName=5V Pin=BTS_5-2
Added Pin To Net: NetName=5V Pin=BTS_5-5
Added Pin To Net: NetName=5V Pin=BTS_5-6
Added Pin To Net: NetName=5V Pin=BTS_6-2
Added Pin To Net: NetName=5V Pin=BTS_6-5
Added Pin To Net: NetName=5V Pin=BTS_6-6
Added Pin To Net: NetName=5V Pin=ESP-32-19
Added Pin To Net: NetName=5V Pin=Power_Supply-2
Added Net: Name=5V
Added Pin To Net: NetName=GND Pin=BTS_1-1
Added Pin To Net: NetName=GND Pin=BTS_2-1
Added Pin To Net: NetName=GND Pin=BTS_3-1
Added Pin To Net: NetName=GND Pin=BTS_4-1
Added Pin To Net: NetName=GND Pin=BTS_5-1
Added Pin To Net: NetName=GND Pin=BTS_6-1
Added Pin To Net: NetName=GND Pin=ESP-32-14
Added Pin To Net: NetName=GND Pin=ESP-32-32
Added Pin To Net: NetName=GND Pin=ESP-32-38
Added Pin To Net: NetName=GND Pin=Power_Supply-1
Added Net: Name=GND
Added Pin To Net: NetName=LPWM_1 Pin=BTS_1-7
Added Pin To Net: NetName=LPWM_1 Pin=ESP-32-8
Added Net: Name=LPWM_1
Added Pin To Net: NetName=LPWM_2 Pin=BTS_2-7
Added Pin To Net: NetName=LPWM_2 Pin=ESP-32-10
Added Net: Name=LPWM_2
Added Pin To Net: NetName=LPWM_3 Pin=BTS_3-7
Added Pin To Net: NetName=LPWM_3 Pin=ESP-32-12
Added Net: Name=LPWM_3
Added Pin To Net: NetName=LPWM_4 Pin=BTS_4-7
Added Pin To Net: NetName=LPWM_4 Pin=ESP-32-31
Added Net: Name=LPWM_4
Added Pin To Net: NetName=LPWM_5 Pin=BTS_5-7
Added Pin To Net: NetName=LPWM_5 Pin=ESP-32-29
Added Net: Name=LPWM_5
Added Pin To Net: NetName=LPWM_6 Pin=BTS_6-7
Added Pin To Net: NetName=LPWM_6 Pin=ESP-32-27
Added Net: Name=LPWM_6
Added Pin To Net: NetName=RPWM_1 Pin=BTS_1-8
Added Pin To Net: NetName=RPWM_1 Pin=ESP-32-9
Added Net: Name=RPWM_1
Added Pin To Net: NetName=RPWM_2 Pin=BTS_2-8
Added Pin To Net: NetName=RPWM_2 Pin=ESP-32-11
Added Net: Name=RPWM_2
Added Pin To Net: NetName=RPWM_3 Pin=BTS_3-8
Added Pin To Net: NetName=RPWM_3 Pin=ESP-32-13
Added Net: Name=RPWM_3
Added Pin To Net: NetName=RPWM_4 Pin=BTS_4-8
Added Pin To Net: NetName=RPWM_4 Pin=ESP-32-30
Added Net: Name=RPWM_4
Added Pin To Net: NetName=RPWM_5 Pin=BTS_5-8
Added Pin To Net: NetName=RPWM_5 Pin=ESP-32-28
Added Net: Name=RPWM_5
Added Pin To Net: NetName=RPWM_6 Pin=BTS_6-8
Added Pin To Net: NetName=RPWM_6 Pin=ESP-32-26
Added Net: Name=RPWM_6
Added Class: Name=Schemtaic
Added Rule: Name=Schematic Supply Nets
Added Rule: Name=Schematic Supply Nets_1
